<?xml version="1.0" encoding="UTF-8"?>
<!-- Generated by org.testng.reporters.JUnitReportReporter -->
<testsuite hostname="DESKTOP-P3UB37M" failures="0" tests="2" name="com.Shopping.TestCases.HomePageTest" time="35.371" errors="0" timestamp="2023-03-06T07:15:31 IST" skipped="0">
  <testcase classname="com.Shopping.TestCases.HomePageTest" name="verifyPageTitle" time="21.918"/>
  <system-out/>
  <testcase classname="com.Shopping.TestCases.HomePageTest" name="verifyHomePageLanding" time="13.453"/>
  <system-out/>
</testsuite> <!-- com.Shopping.TestCases.HomePageTest -->
