<?xml version="1.0" encoding="UTF-8"?>
<!-- Generated by org.testng.reporters.JUnitReportReporter -->
<testsuite hostname="DESKTOP-P3UB37M" failures="0" tests="1" name="com.Shopping.TestCases.LoginTest" time="75.414" errors="0" timestamp="2023-03-06T07:15:31 IST" skipped="0">
  <testcase classname="com.Shopping.TestCases.LoginTest" name="verifyvalidlogin" time="75.414"/>
  <system-out/>
</testsuite> <!-- com.Shopping.TestCases.LoginTest -->
